<?xml version="1.0" encoding="UTF-8"?>
<testng-results skipped="0" failed="1" total="3" passed="2">
  <reporter-output>
  </reporter-output>
  <suite name="Default suite" duration-ms="2840" started-at="2023-03-29T15:52:40Z" finished-at="2023-03-29T15:52:43Z">
    <groups>
      <group name="cucumber">
        <method signature="AbstractTestNGCucumberTests.runScenario(io.cucumber.testng.PickleWrapper, io.cucumber.testng.FeatureWrapper)[pri:0, instance:test.CatalogForUnAuthusers@20d3d15a]" name="runScenario" class="io.cucumber.testng.AbstractTestNGCucumberTests"/>
      </group> <!-- cucumber -->
    </groups>
    <test name="Default test" duration-ms="2840" started-at="2023-03-29T15:52:40Z" finished-at="2023-03-29T15:52:43Z">
      <class name="test.CatalogForUnAuthusers">
        <test-method status="PASS" signature="StartDriver(java.lang.String)[pri:0, instance:test.CatalogForUnAuthusers@20d3d15a]" name="StartDriver" is-config="true" duration-ms="4020" started-at="2023-03-29T17:52:36Z" finished-at="2023-03-29T17:52:40Z">
          <params>
            <param index="0">
              <value>
                <![CDATA[chrome]]>
              </value>
            </param>
          </params>
          <reporter-output>
          </reporter-output>
        </test-method> <!-- StartDriver -->
        <test-method status="PASS" signature="setUpClass(org.testng.ITestContext)[pri:0, instance:test.CatalogForUnAuthusers@20d3d15a]" name="setUpClass" is-config="true" duration-ms="93" started-at="2023-03-29T17:52:40Z" finished-at="2023-03-29T17:52:40Z">
          <params>
            <param index="0">
              <value>
                <![CDATA[org.testng.TestRunner@5e1fa5b1]]>
              </value>
            </param>
          </params>
          <reporter-output>
          </reporter-output>
        </test-method> <!-- setUpClass -->
        <test-method status="PASS" signature="ValidateJordonPackages()[pri:0, instance:test.CatalogForUnAuthusers@20d3d15a]" name="ValidateJordonPackages" duration-ms="1301" started-at="2023-03-29T17:52:40Z" finished-at="2023-03-29T17:52:42Z">
          <reporter-output>
          </reporter-output>
        </test-method> <!-- ValidateJordonPackages -->
        <test-method status="PASS" signature="ScreenShotOnFailure(org.testng.ITestResult)[pri:0, instance:test.CatalogForUnAuthusers@20d3d15a]" name="ScreenShotOnFailure" is-config="true" duration-ms="0" started-at="2023-03-29T17:52:42Z" finished-at="2023-03-29T17:52:42Z">
          <params>
            <param index="0">
              <value>
                <![CDATA[[TestResult name=ValidateJordonPackages status=SUCCESS method=CatalogForUnAuthusers.ValidateJordonPackages()[pri:0, instance:test.CatalogForUnAuthusers@20d3d15a] output={null}]]]>
              </value>
            </param>
          </params>
          <reporter-output>
          </reporter-output>
        </test-method> <!-- ScreenShotOnFailure -->
        <test-method status="PASS" signature="ValidateUAEPackages()[pri:0, instance:test.CatalogForUnAuthusers@20d3d15a]" name="ValidateUAEPackages" duration-ms="1239" started-at="2023-03-29T17:52:42Z" finished-at="2023-03-29T17:52:43Z">
          <reporter-output>
          </reporter-output>
        </test-method> <!-- ValidateUAEPackages -->
        <test-method status="PASS" signature="ScreenShotOnFailure(org.testng.ITestResult)[pri:0, instance:test.CatalogForUnAuthusers@20d3d15a]" name="ScreenShotOnFailure" is-config="true" duration-ms="1" started-at="2023-03-29T17:52:43Z" finished-at="2023-03-29T17:52:43Z">
          <params>
            <param index="0">
              <value>
                <![CDATA[[TestResult name=ValidateUAEPackages status=SUCCESS method=CatalogForUnAuthusers.ValidateUAEPackages()[pri:0, instance:test.CatalogForUnAuthusers@20d3d15a] output={null}]]]>
              </value>
            </param>
          </params>
          <reporter-output>
          </reporter-output>
        </test-method> <!-- ScreenShotOnFailure -->
        <test-method status="FAIL" signature="ValidateALgeriaPackages()[pri:0, instance:test.CatalogForUnAuthusers@20d3d15a]" name="ValidateALgeriaPackages" duration-ms="1" started-at="2023-03-29T17:52:43Z" finished-at="2023-03-29T17:52:43Z">
          <exception class="java.lang.Error">
            <message>
              <![CDATA[Unresolved compilation problem: 
	Syntax error on token "2.7", delete this token
]]>
            </message>
            <full-stacktrace>
              <![CDATA[java.lang.Error: Unresolved compilation problem: 
	Syntax error on token "2.7", delete this token

	at test.CatalogForUnAuthusers.ValidateALgeriaPackages(CatalogForUnAuthusers.java:49)
	at sun.reflect.NativeMethodAccessorImpl.invoke0(Native Method)
	at sun.reflect.NativeMethodAccessorImpl.invoke(Unknown Source)
	at sun.reflect.DelegatingMethodAccessorImpl.invoke(Unknown Source)
	at java.lang.reflect.Method.invoke(Unknown Source)
	at org.testng.internal.MethodInvocationHelper.invokeMethod(MethodInvocationHelper.java:80)
	at org.testng.internal.Invoker.invokeMethod(Invoker.java:714)
	at org.testng.internal.Invoker.invokeTestMethod(Invoker.java:901)
	at org.testng.internal.Invoker.invokeTestMethods(Invoker.java:1231)
	at org.testng.internal.TestMethodWorker.invokeTestMethods(TestMethodWorker.java:127)
	at org.testng.internal.TestMethodWorker.run(TestMethodWorker.java:111)
	at org.testng.TestRunner.privateRun(TestRunner.java:767)
	at org.testng.TestRunner.run(TestRunner.java:617)
	at org.testng.SuiteRunner.runTest(SuiteRunner.java:334)
	at org.testng.SuiteRunner.runSequentially(SuiteRunner.java:329)
	at org.testng.SuiteRunner.privateRun(SuiteRunner.java:291)
	at org.testng.SuiteRunner.run(SuiteRunner.java:240)
	at org.testng.SuiteRunnerWorker.runSuite(SuiteRunnerWorker.java:52)
	at org.testng.SuiteRunnerWorker.run(SuiteRunnerWorker.java:86)
	at org.testng.TestNG.runSuitesSequentially(TestNG.java:1198)
	at org.testng.TestNG.runSuitesLocally(TestNG.java:1123)
	at org.testng.TestNG.run(TestNG.java:1031)
	at org.testng.remote.AbstractRemoteTestNG.run(AbstractRemoteTestNG.java:115)
	at org.testng.remote.RemoteTestNG.initAndRun(RemoteTestNG.java:251)
	at org.testng.remote.RemoteTestNG.main(RemoteTestNG.java:77)
]]>
            </full-stacktrace>
          </exception> <!-- java.lang.Error -->
          <reporter-output>
          </reporter-output>
        </test-method> <!-- ValidateALgeriaPackages -->
        <test-method status="PASS" signature="ScreenShotOnFailure(org.testng.ITestResult)[pri:0, instance:test.CatalogForUnAuthusers@20d3d15a]" name="ScreenShotOnFailure" is-config="true" duration-ms="190" started-at="2023-03-29T17:52:43Z" finished-at="2023-03-29T17:52:43Z">
          <params>
            <param index="0">
              <value>
                <![CDATA[[TestResult name=ValidateALgeriaPackages status=FAILURE method=CatalogForUnAuthusers.ValidateALgeriaPackages()[pri:0, instance:test.CatalogForUnAuthusers@20d3d15a] output={null}]]]>
              </value>
            </param>
          </params>
          <reporter-output>
          </reporter-output>
        </test-method> <!-- ScreenShotOnFailure -->
        <test-method status="PASS" signature="tearDownClass()[pri:0, instance:test.CatalogForUnAuthusers@20d3d15a]" name="tearDownClass" is-config="true" duration-ms="7" started-at="2023-03-29T17:52:43Z" finished-at="2023-03-29T17:52:43Z">
          <reporter-output>
          </reporter-output>
        </test-method> <!-- tearDownClass -->
        <test-method status="PASS" signature="CloseDriver()[pri:0, instance:test.CatalogForUnAuthusers@20d3d15a]" name="CloseDriver" is-config="true" duration-ms="3671" started-at="2023-03-29T17:52:43Z" finished-at="2023-03-29T17:52:47Z">
          <reporter-output>
          </reporter-output>
        </test-method> <!-- CloseDriver -->
      </class> <!-- test.CatalogForUnAuthusers -->
    </test> <!-- Default test -->
  </suite> <!-- Default suite -->
</testng-results>
